{"D:\\work\\ursip-frontend-entry-task\\src\\components\\Loading\\index.jsx": {"path":"D:\\work\\ursip-frontend-entry-task\\src\\components\\Loading\\index.jsx","statementMap":{"0":{"start":{"line":8,"column":16},"end":{"line":15,"column":1}},"1":{"start":{"line":17,"column":18},"end":{"line":23,"column":1}},"2":{"start":{"line":25,"column":25},"end":{"line":25,"column":27}},"3":{"start":{"line":26,"column":25},"end":{"line":26,"column":27}},"4":{"start":{"line":28,"column":16},"end":{"line":37,"column":1}},"5":{"start":{"line":29,"column":15},"end":{"line":29,"column":49}},"6":{"start":{"line":31,"column":2},"end":{"line":36,"column":4}},"7":{"start":{"line":39,"column":0},"end":{"line":42,"column":2}},"8":{"start":{"line":44,"column":0},"end":{"line":47,"column":2}}},"fnMap":{"0":{"name":"(anonymous_0)","decl":{"start":{"line":28,"column":16},"end":{"line":28,"column":17}},"loc":{"start":{"line":28,"column":40},"end":{"line":37,"column":1}},"line":28}},"branchMap":{},"s":{"0":1,"1":1,"2":1,"3":1,"4":1,"5":4,"6":4,"7":1,"8":1},"f":{"0":4},"b":{},"_coverageSchema":"332fd63041d2c1bcb487cc26dd0d5f7d97098a6c","hash":"940923b9bbf570b7f76b804933e8c633bca219e9"}
,"D:\\work\\ursip-frontend-entry-task\\src\\components\\StyledDate\\index.jsx": {"path":"D:\\work\\ursip-frontend-entry-task\\src\\components\\StyledDate\\index.jsx","statementMap":{"0":{"start":{"line":8,"column":16},"end":{"line":10,"column":1}},"1":{"start":{"line":12,"column":19},"end":{"line":27,"column":1}},"2":{"start":{"line":13,"column":2},"end":{"line":15,"column":3}},"3":{"start":{"line":14,"column":4},"end":{"line":14,"column":16}},"4":{"start":{"line":17,"column":18},"end":{"line":17,"column":30}},"5":{"start":{"line":19,"column":2},"end":{"line":26,"column":4}},"6":{"start":{"line":29,"column":0},"end":{"line":36,"column":2}}},"fnMap":{"0":{"name":"(anonymous_0)","decl":{"start":{"line":12,"column":19},"end":{"line":12,"column":20}},"loc":{"start":{"line":12,"column":40},"end":{"line":27,"column":1}},"line":12}},"branchMap":{"0":{"loc":{"start":{"line":13,"column":2},"end":{"line":15,"column":3}},"type":"if","locations":[{"start":{"line":13,"column":2},"end":{"line":15,"column":3}},{"start":{"line":13,"column":2},"end":{"line":15,"column":3}}],"line":13}},"s":{"0":1,"1":1,"2":6,"3":1,"4":5,"5":5,"6":1},"f":{"0":6},"b":{"0":[1,5]},"_coverageSchema":"332fd63041d2c1bcb487cc26dd0d5f7d97098a6c","hash":"74d0768b61966ec069ae569696350def1d9f30e2"}
,"D:\\work\\ursip-frontend-entry-task\\src\\utils\\tests.js": {"path":"D:\\work\\ursip-frontend-entry-task\\src\\utils\\tests.js","statementMap":{"0":{"start":{"line":5,"column":17},"end":{"line":5,"column":30}},"1":{"start":{"line":7,"column":30},"end":{"line":13,"column":1}},"2":{"start":{"line":7,"column":38},"end":{"line":13,"column":1}}},"fnMap":{"0":{"name":"(anonymous_0)","decl":{"start":{"line":7,"column":30},"end":{"line":7,"column":31}},"loc":{"start":{"line":7,"column":38},"end":{"line":13,"column":1}},"line":7}},"branchMap":{},"s":{"0":2,"1":2,"2":9},"f":{"0":9},"b":{},"_coverageSchema":"332fd63041d2c1bcb487cc26dd0d5f7d97098a6c","hash":"c9638b2c9c5da960e2d5a4718207a2f57f333a6d"}
}
