TN:
SF:D:\work\ursip-frontend-entry-task\src\components\Loading\index.jsx
FN:28,(anonymous_0)
FNF:1
FNH:1
FNDA:4,(anonymous_0)
DA:8,1
DA:17,1
DA:25,1
DA:26,1
DA:28,1
DA:29,4
DA:31,4
DA:39,1
DA:44,1
LF:9
LH:9
BRF:0
BRH:0
end_of_record
TN:
SF:D:\work\ursip-frontend-entry-task\src\components\StyledDate\index.jsx
FN:12,(anonymous_0)
FNF:1
FNH:1
FNDA:6,(anonymous_0)
DA:8,1
DA:12,1
DA:13,6
DA:14,1
DA:17,5
DA:19,5
DA:29,1
LF:7
LH:7
BRDA:13,0,0,1
BRDA:13,0,1,5
BRF:2
BRH:2
end_of_record
TN:
SF:D:\work\ursip-frontend-entry-task\src\utils\tests.js
FN:7,(anonymous_0)
FNF:1
FNH:1
FNDA:9,(anonymous_0)
DA:5,2
DA:7,9
LF:2
LH:2
BRF:0
BRH:0
end_of_record
